SF:lib/native_logger_method_channel.dart
DA:12,0
DA:14,0
DA:28,1
DA:30,1
DA:35,2
LF:5
LH:3
end_of_record
SF:lib/native_logger.dart
DA:22,0
DA:23,0
DA:28,1
DA:30,1
DA:35,1
DA:62,1
DA:63,1
DA:67,1
DA:68,1
DA:72,1
DA:73,1
DA:77,1
DA:78,1
DA:82,1
DA:83,1
DA:87,1
DA:88,1
DA:92,1
DA:93,1
DA:97,4
DA:101,1
DA:102,1
DA:108,1
DA:111,2
DA:112,1
DA:113,2
DA:114,2
DA:115,1
DA:116,2
DA:117,0
DA:119,2
DA:121,1
DA:122,2
DA:125,3
DA:129,2
DA:130,1
DA:135,2
DA:136,4
DA:139,2
DA:140,2
DA:144,0
DA:148,0
DA:154,3
DA:158,1
DA:160,2
DA:161,2
DA:162,6
DA:174,1
LF:48
LH:43
end_of_record
SF:lib/native_logger_platform_interface.dart
DA:7,6
DA:9,6
DA:11,3
DA:16,2
DA:21,1
DA:22,2
DA:26,0
DA:27,0
DA:36,0
DA:37,0
LF:10
LH:6
end_of_record
